[2017-08-11 14:00:37] production.ERROR: InvalidArgumentException: There are no commands defined in the "util" namespace.

Did you mean one of these?
    october:util compile js
    october:util compile less
    october:util compile scss
    october:util compile assets
    october:util compile lang
    october:util purge thumbs
    october:util purge uploads
    october:util purge orphans
    october:util git pull in /var/www/html/teste-october/modules/system/console/OctoberUtil.php:75
Stack trace:
#0 [internal function]: System\Console\OctoberUtil->fire()
#1 /var/www/html/teste-october/vendor/laravel/framework/src/Illuminate/Container/Container.php(507): call_user_func_array(Array, Array)
#2 /var/www/html/teste-october/vendor/laravel/framework/src/Illuminate/Console/Command.php(150): Illuminate\Container\Container->call(Array)
#3 /var/www/html/teste-october/vendor/symfony/console/Command/Command.php(263): Illuminate\Console\Command->execute(Object(Symfony\Component\Console\Input\ArgvInput), Object(Symfony\Component\Console\Output\ConsoleOutput))
#4 /var/www/html/teste-october/vendor/laravel/framework/src/Illuminate/Console/Command.php(136): Symfony\Component\Console\Command\Command->run(Object(Symfony\Component\Console\Input\ArgvInput), Object(Symfony\Component\Console\Output\ConsoleOutput))
#5 /var/www/html/teste-october/vendor/symfony/console/Application.php(852): Illuminate\Console\Command->run(Object(Symfony\Component\Console\Input\ArgvInput), Object(Symfony\Component\Console\Output\ConsoleOutput))
#6 /var/www/html/teste-october/vendor/symfony/console/Application.php(199): Symfony\Component\Console\Application->doRunCommand(Object(System\Console\OctoberUtil), Object(Symfony\Component\Console\Input\ArgvInput), Object(Symfony\Component\Console\Output\ConsoleOutput))
#7 /var/www/html/teste-october/vendor/symfony/console/Application.php(123): Symfony\Component\Console\Application->doRun(Object(Symfony\Component\Console\Input\ArgvInput), Object(Symfony\Component\Console\Output\ConsoleOutput))
#8 /var/www/html/teste-october/vendor/laravel/framework/src/Illuminate/Foundation/Console/Kernel.php(107): Symfony\Component\Console\Application->run(Object(Symfony\Component\Console\Input\ArgvInput), Object(Symfony\Component\Console\Output\ConsoleOutput))
#9 /var/www/html/teste-october/artisan(35): Illuminate\Foundation\Console\Kernel->handle(Object(Symfony\Component\Console\Input\ArgvInput), Object(Symfony\Component\Console\Output\ConsoleOutput))
#10 {main}  
[2017-08-11 14:45:04] production.ERROR: InvalidArgumentException: There are no commands defined in the "ocrtober" namespace.

Did you mean this?
    october in /var/www/html/teste-october/vendor/symfony/console/Application.php:482
Stack trace:
#0 /var/www/html/teste-october/vendor/symfony/console/Application.php(514): Symfony\Component\Console\Application->findNamespace('ocrtober')
#1 /var/www/html/teste-october/vendor/symfony/console/Application.php(196): Symfony\Component\Console\Application->find('ocrtober:up')
#2 /var/www/html/teste-october/vendor/symfony/console/Application.php(123): Symfony\Component\Console\Application->doRun(Object(Symfony\Component\Console\Input\ArgvInput), Object(Symfony\Component\Console\Output\ConsoleOutput))
#3 /var/www/html/teste-october/vendor/laravel/framework/src/Illuminate/Foundation/Console/Kernel.php(107): Symfony\Component\Console\Application->run(Object(Symfony\Component\Console\Input\ArgvInput), Object(Symfony\Component\Console\Output\ConsoleOutput))
#4 /var/www/html/teste-october/artisan(35): Illuminate\Foundation\Console\Kernel->handle(Object(Symfony\Component\Console\Input\ArgvInput), Object(Symfony\Component\Console\Output\ConsoleOutput))
#5 {main}  
